         :-) GROMACS - GROMACS, 2020.5-dev-20210116-03c40a9-unknown (-:

                            GROMACS is written by:
     Emile Apol      Rossen Apostolov      Paul Bauer     Herman J.C. Berendsen
    Par Bjelkmar      Christian Blau   Viacheslav Bolnykh     Kevin Boyd    
 Aldert van Buuren   Rudi van Drunen     Anton Feenstra       Alan Gray     
  Gerrit Groenhof     Anca Hamuraru    Vincent Hindriksen  M. Eric Irrgang  
  Aleksei Iupinov   Christoph Junghans     Joe Jordan     Dimitrios Karkoulis
    Peter Kasson        Jiri Kraus      Carsten Kutzner      Per Larsson    
  Justin A. Lemkul    Viveca Lindahl    Magnus Lundborg     Erik Marklund   
    Pascal Merz     Pieter Meulenhoff    Teemu Murtola       Szilard Pall   
    Sander Pronk      Roland Schulz      Michael Shirts    Alexey Shvetsov  
   Alfons Sijbers     Peter Tieleman      Jon Vincent      Teemu Virolainen 
 Christian Wennberg    Maarten Wolf      Artem Zhmurov   
                           and the project leaders:
        Mark Abraham, Berk Hess, Erik Lindahl, and David van der Spoel

Copyright (c) 1991-2000, University of Groningen, The Netherlands.
Copyright (c) 2001-2019, The GROMACS development team at
Uppsala University, Stockholm University and
the Royal Institute of Technology, Sweden.
check out http://www.gromacs.org for more information.

GROMACS:      GROMACS, version 2020.5-dev-20210116-03c40a9-unknown
Working dir:  /config/work/01/01
Process ID:   158

GROMACS version:    2020.5-dev-20210116-03c40a9-unknown
GIT SHA1 hash:      03c40a99d5a6077cd8922312d8308ba8918a82c9
Branched from:      unknown
Precision:          single
Memory model:       64 bit
MPI library:        thread_mpi
OpenMP support:     enabled (GMX_OPENMP_MAX_THREADS = 64)
GPU support:        disabled
SIMD instructions:  ARM_NEON_ASIMD
FFT library:        fftw-3.3.8-neon
RDTSCP usage:       disabled
TNG support:        enabled
Hwloc support:      disabled
Tracing support:    disabled
C compiler:         /usr/bin/aarch64-linux-gnu-gcc GNU 8.3.0
C compiler flags:   -Wall -Wno-unused -Wunused-value -Wunused-parameter -Wextra -Wno-missing-field-initializers -Wno-sign-compare -Wpointer-arith -Wundef -Werror=stringop-truncation -fexcess-precision=fast -funroll-all-loops -Wno-array-bounds -O3 -DNDEBUG
C++ compiler:       /usr/bin/aarch64-linux-gnu-g++ GNU 8.3.0
C++ compiler flags: -Wall -Wextra -Wno-missing-field-initializers -Wpointer-arith -Wmissing-declarations -Wundef -Wstringop-truncation -fexcess-precision=fast -funroll-all-loops -Wno-array-bounds -fopenmp -O3 -DNDEBUG


Running on 1 node with total 4 cores, 4 logical cores
Hardware detected:
  CPU info:
    Vendor: ARM
    Brand:  Unknown CPU brand
    Family: 8   Model: 0   Stepping: 0
    Features: neon neon_asimd
  Hardware topology: Only logical processor count


++++ PLEASE READ AND CITE THE FOLLOWING REFERENCE ++++
M. J. Abraham, T. Murtola, R. Schulz, S. Páll, J. C. Smith, B. Hess, E.
Lindahl
GROMACS: High performance molecular simulations through multi-level
parallelism from laptops to supercomputers
SoftwareX 1 (2015) pp. 19-25
-------- -------- --- Thank You --- -------- --------


++++ PLEASE READ AND CITE THE FOLLOWING REFERENCE ++++
S. Páll, M. J. Abraham, C. Kutzner, B. Hess, E. Lindahl
Tackling Exascale Software Challenges in Molecular Dynamics Simulations with
GROMACS
In S. Markidis & E. Laure (Eds.), Solving Software Challenges for Exascale 8759 (2015) pp. 3-27
-------- -------- --- Thank You --- -------- --------


++++ PLEASE READ AND CITE THE FOLLOWING REFERENCE ++++
S. Pronk, S. Páll, R. Schulz, P. Larsson, P. Bjelkmar, R. Apostolov, M. R.
Shirts, J. C. Smith, P. M. Kasson, D. van der Spoel, B. Hess, and E. Lindahl
GROMACS 4.5: a high-throughput and highly parallel open source molecular
simulation toolkit
Bioinformatics 29 (2013) pp. 845-54
-------- -------- --- Thank You --- -------- --------


++++ PLEASE READ AND CITE THE FOLLOWING REFERENCE ++++
B. Hess and C. Kutzner and D. van der Spoel and E. Lindahl
GROMACS 4: Algorithms for highly efficient, load-balanced, and scalable
molecular simulation
J. Chem. Theory Comput. 4 (2008) pp. 435-447
-------- -------- --- Thank You --- -------- --------


++++ PLEASE READ AND CITE THE FOLLOWING REFERENCE ++++
D. van der Spoel, E. Lindahl, B. Hess, G. Groenhof, A. E. Mark and H. J. C.
Berendsen
GROMACS: Fast, Flexible and Free
J. Comp. Chem. 26 (2005) pp. 1701-1719
-------- -------- --- Thank You --- -------- --------


++++ PLEASE READ AND CITE THE FOLLOWING REFERENCE ++++
E. Lindahl and B. Hess and D. van der Spoel
GROMACS 3.0: A package for molecular simulation and trajectory analysis
J. Mol. Mod. 7 (2001) pp. 306-317
-------- -------- --- Thank You --- -------- --------


++++ PLEASE READ AND CITE THE FOLLOWING REFERENCE ++++
H. J. C. Berendsen, D. van der Spoel and R. van Drunen
GROMACS: A message-passing parallel molecular dynamics implementation
Comp. Phys. Comm. 91 (1995) pp. 43-56
-------- -------- --- Thank You --- -------- --------


++++ PLEASE CITE THE DOI FOR THIS VERSION OF GROMACS ++++
https://doi.org/10.5281/zenodo.4420785
-------- -------- --- Thank You --- -------- --------

This run will default to '-update gpu' as requested by the GMX_FORCE_UPDATE_DEFAULT_GPU environment variable. GPU update with domain decomposition lacks substantial testing and should be used with caution.
Input Parameters:
   integrator                     = md
   tinit                          = 0
   dt                             = 0.002
   nsteps                         = 250000
   init-step                      = 33000000
   simulation-part                = 1
   comm-mode                      = Linear
   nstcomm                        = 100
   bd-fric                        = 0
   ld-seed                        = -1765719357
   emtol                          = 10
   emstep                         = 0.01
   niter                          = 20
   fcstep                         = 0
   nstcgsteep                     = 1000
   nbfgscorr                      = 10
   rtpi                           = 0.05
   nstxout                        = 250000
   nstvout                        = 250000
   nstfout                        = 0
   nstlog                         = 10000
   nstcalcenergy                  = 0
   nstenergy                      = 10000
   nstxout-compressed             = 10000
   compressed-x-precision         = 1000
   cutoff-scheme                  = Verlet
   nstlist                        = 40
   pbc                            = xyz
   periodic-molecules             = false
   verlet-buffer-tolerance        = 0.005
   rlist                          = 1.281
   coulombtype                    = PME
   coulomb-modifier               = Potential-shift
   rcoulomb-switch                = 0
   rcoulomb                       = 1.2
   epsilon-r                      = 1
   epsilon-rf                     = inf
   vdw-type                       = Cut-off
   vdw-modifier                   = Force-switch
   rvdw-switch                    = 1
   rvdw                           = 1.2
   DispCorr                       = No
   table-extension                = 1
   fourierspacing                 = 0.12
   fourier-nx                     = 108
   fourier-ny                     = 108
   fourier-nz                     = 108
   pme-order                      = 4
   ewald-rtol                     = 1e-05
   ewald-rtol-lj                  = 0.001
   lj-pme-comb-rule               = Geometric
   ewald-geometry                 = 0
   epsilon-surface                = 0
   tcoupl                         = V-rescale
   nsttcouple                     = 40
   nh-chain-length                = 0
   print-nose-hoover-chain-variables = false
   pcoupl                         = Parrinello-Rahman
   pcoupltype                     = Isotropic
   nstpcouple                     = 10
   tau-p                          = 1
   compressibility (3x3):
      compressibility[    0]={ 4.50000e-05,  0.00000e+00,  0.00000e+00}
      compressibility[    1]={ 0.00000e+00,  4.50000e-05,  0.00000e+00}
      compressibility[    2]={ 0.00000e+00,  0.00000e+00,  4.50000e-05}
   ref-p (3x3):
      ref-p[    0]={ 1.01325e+00,  0.00000e+00,  0.00000e+00}
      ref-p[    1]={ 0.00000e+00,  1.01325e+00,  0.00000e+00}
      ref-p[    2]={ 0.00000e+00,  0.00000e+00,  1.01325e+00}
   refcoord-scaling               = COM
   posres-com (3):
      posres-com[0]= 0.00000e+00
      posres-com[1]= 0.00000e+00
      posres-com[2]= 0.00000e+00
   posres-comB (3):
      posres-comB[0]= 0.00000e+00
      posres-comB[1]= 0.00000e+00
      posres-comB[2]= 0.00000e+00
   QMMM                           = false
   QMconstraints                  = 0
   QMMMscheme                     = 0
   MMChargeScaleFactor            = 1
qm-opts:
   ngQM                           = 0
   constraint-algorithm           = Lincs
   continuation                   = true
   Shake-SOR                      = false
   shake-tol                      = 0.0001
   lincs-order                    = 4
   lincs-iter                     = 1
   lincs-warnangle                = 30
   nwall                          = 0
   wall-type                      = 9-3
   wall-r-linpot                  = -1
   wall-atomtype[0]               = -1
   wall-atomtype[1]               = -1
   wall-density[0]                = 0
   wall-density[1]                = 0
   wall-ewald-zfac                = 3
   pull                           = false
   awh                            = false
   rotation                       = false
   interactiveMD                  = false
   disre                          = No
   disre-weighting                = Conservative
   disre-mixed                    = false
   dr-fc                          = 1000
   dr-tau                         = 0
   nstdisreout                    = 100
   orire-fc                       = 0
   orire-tau                      = 0
   nstorireout                    = 100
   free-energy                    = no
   cos-acceleration               = 0
   deform (3x3):
      deform[    0]={ 0.00000e+00,  0.00000e+00,  0.00000e+00}
      deform[    1]={ 0.00000e+00,  0.00000e+00,  0.00000e+00}
      deform[    2]={ 0.00000e+00,  0.00000e+00,  0.00000e+00}
   simulated-tempering            = false
   swapcoords                     = no
   userint1                       = 0
   userint2                       = 0
   userint3                       = 0
   userint4                       = 0
   userreal1                      = 0
   userreal2                      = 0
   userreal3                      = 0
   userreal4                      = 0
   applied-forces:
     electric-field:
       x:
         E0                       = 0
         omega                    = 0
         t0                       = 0
         sigma                    = 0
       y:
         E0                       = 0
         omega                    = 0
         t0                       = 0
         sigma                    = 0
       z:
         E0                       = 0
         omega                    = 0
         t0                       = 0
         sigma                    = 0
     density-guided-simulation:
       active                     = false
       group                      = protein
       similarity-measure         = inner-product
       atom-spreading-weight      = unity
       force-constant             = 1e+09
       gaussian-transform-spreading-width = 0.2
       gaussian-transform-spreading-range-in-multiples-of-width = 4
       reference-density-filename = reference.mrc
       nst                        = 1
       normalize-densities        = true
       adaptive-force-scaling     = false
       adaptive-force-scaling-time-constant = 4
grpopts:
   nrdf:     30046.7      286432
   ref-t:         310         310
   tau-t:           1           1
annealing:          No          No
annealing-npoints:           0           0
   acc:	           0           0           0
   nfreeze:           N           N           N
   energygrp-flags[  0]: 0

Changing nstlist from 40 to 80, rlist from 1.281 to 1.322


Update task on the GPU was required, by the GMX_FORCE_UPDATE_DEFAULT_GPU environment variable, but the following condition(s) were not satisfied:

Either PME or short-ranged non-bonded interaction tasks must run on the GPU.
Compatible GPUs must have been found.
Only a CUDA build is supported.
The number of coupled constraints is higher than supported in the CUDA LINCS code.

Will use CPU version of update.

Using 1 MPI thread

Non-default thread affinity set, disabling internal thread affinity

Using 3 OpenMP threads 

System total charge: 0.000
Will do PME sum in reciprocal space for electrostatic interactions.

++++ PLEASE READ AND CITE THE FOLLOWING REFERENCE ++++
U. Essmann, L. Perera, M. L. Berkowitz, T. Darden, H. Lee and L. G. Pedersen 
A smooth particle mesh Ewald method
J. Chem. Phys. 103 (1995) pp. 8577-8592
-------- -------- --- Thank You --- -------- --------

Using a Gaussian width (1/beta) of 0.384195 nm for Ewald
Potential shift: LJ r^-12: -2.648e-01 r^-6: -5.349e-01, Ewald -8.333e-06
Initialized non-bonded Ewald tables, spacing: 1.02e-03 size: 1176

Generated table with 1161 data points for 1-4 COUL.
Tabscale = 500 points/nm
Generated table with 1161 data points for 1-4 LJ6.
Tabscale = 500 points/nm
Generated table with 1161 data points for 1-4 LJ12.
Tabscale = 500 points/nm

Using SIMD 4x4 nonbonded short-range kernels

Using a dual 4x4 pair-list setup updated with dynamic pruning:
  outer list: updated every 80 steps, buffer 0.122 nm, rlist 1.322 nm
  inner list: updated every 13 steps, buffer 0.002 nm, rlist 1.202 nm
At tolerance 0.005 kJ/mol/ps per atom, equivalent classical 1x1 list would be:
  outer list: updated every 80 steps, buffer 0.266 nm, rlist 1.466 nm
  inner list: updated every 13 steps, buffer 0.053 nm, rlist 1.253 nm


Initializing LINear Constraint Solver

++++ PLEASE READ AND CITE THE FOLLOWING REFERENCE ++++
B. Hess and H. Bekker and H. J. C. Berendsen and J. G. E. M. Fraaije
LINCS: A Linear Constraint Solver for molecular simulations
J. Comp. Chem. 18 (1997) pp. 1463-1472
-------- -------- --- Thank You --- -------- --------

The number of constraints is 6042

++++ PLEASE READ AND CITE THE FOLLOWING REFERENCE ++++
S. Miyamoto and P. A. Kollman
SETTLE: An Analytical Version of the SHAKE and RATTLE Algorithms for Rigid
Water Models
J. Comp. Chem. 13 (1992) pp. 952-962
-------- -------- --- Thank You --- -------- --------

Setting the maximum number of constraint warnings to 2147483647

++++ PLEASE READ AND CITE THE FOLLOWING REFERENCE ++++
G. Bussi, D. Donadio and M. Parrinello
Canonical sampling through velocity rescaling
J. Chem. Phys. 126 (2007) pp. 014101
-------- -------- --- Thank You --- -------- --------

There are: 155128 Atoms
Center of mass motion removal mode is Linear
We have the following groups for center of mass motion removal:
  0:  System

Started mdrun on rank 0 Mon Oct 10 13:14:41 2022

           Step           Time
       33000000    66000.00000

   Energies (kJ/mol)
           Bond            U-B    Proper Dih.  Improper Dih.      CMAP Dih.
    1.03105e+04    2.86171e+04    3.09994e+04    1.69016e+03   -1.19973e+03
          LJ-14     Coulomb-14        LJ (SR)   Coulomb (SR)   Coul. recip.
    9.34167e+03    1.25244e+05    1.91694e+05   -2.48491e+06    7.66007e+03
      Potential    Kinetic En.   Total Energy  Conserved En.    Temperature
   -2.08055e+06    4.07327e+05   -1.67322e+06   -1.67313e+06    3.09595e+02
 Pressure (bar)   Constr. rmsd
    1.00884e+02    3.62649e-06



Received the remote second INT/TERM signal, stopping within 11 steps

           Step           Time
       33003471    66006.94200

Writing checkpoint, step 33003471 at Mon Oct 10 13:18:51 2022


   Energies (kJ/mol)
           Bond            U-B    Proper Dih.  Improper Dih.      CMAP Dih.
    1.03614e+04    2.85548e+04    3.08941e+04    1.77835e+03   -1.35824e+03
          LJ-14     Coulomb-14        LJ (SR)   Coulomb (SR)   Coul. recip.
    9.25165e+03    1.25657e+05    1.89676e+05   -2.48095e+06    7.74017e+03
      Potential    Kinetic En.   Total Energy  Conserved En.    Temperature
   -2.07840e+06    4.08817e+05   -1.66958e+06   -1.67275e+06    3.10728e+02
 Pressure (bar)   Constr. rmsd
    5.28281e+01    3.70478e-06


	M E G A - F L O P S   A C C O U N T I N G

 NB=Group-cutoff nonbonded kernels    NxN=N-by-N cluster Verlet kernels
 RF=Reaction-Field  VdW=Van der Waals  QSTab=quadratic-spline table
 W3=SPC/TIP3p  W4=TIP4p (single or pairs)
 V&F=Potential and force  V=Potential only  F=Force only

 Computing:                               M-Number         M-Flops  % Flops
-----------------------------------------------------------------------------
 Pair Search distance check            3478.717668       31308.459     0.1
 NxN Ewald Elec. + LJ [F]            421448.531432    32872985.452    93.7
 NxN Ewald Elec. + LJ [V&F]             242.825240       31324.456     0.1
 NxN LJ [F]                               4.188160         188.467     0.0
 NxN Ewald Elec. [F]                   4609.977240      281208.612     0.8
 NxN Ewald Elec. [V&F]                    2.664808         223.844     0.0
 1,4 nonbonded interactions             110.479040        9943.114     0.0
 Calc Weights                          1615.813248       58169.277     0.2
 Spread Q Bspline                     34470.682624       68941.365     0.2
 Gather F Bspline                     34470.682624      206824.096     0.6
 3D-FFT                              177263.911328     1418111.291     4.0
 Solve PME                               40.497408        2591.834     0.0
 Shift-X                                  6.825632          40.954     0.0
 Bonds                                   21.328496        1258.381     0.0
 Propers                                108.149328       24766.196     0.1
 Impropers                                6.898864        1434.964     0.0
 Virial                                  54.155377         974.797     0.0
 Stop-CM                                  5.429480          54.295     0.0
 Calc-Ekin                              108.124216        2919.354     0.0
 Lincs                                   20.977824        1258.669     0.0
 Lincs-Mat                              112.284480         449.138     0.0
 Constraint-V                           537.965568        4303.725     0.0
 Constraint-Vir                          51.966798        1247.203     0.0
 Settle                                 165.336640       53403.735     0.2
 CMAP                                     2.593584        4409.093     0.0
 Urey-Bradley                            76.595792       14017.030     0.0
-----------------------------------------------------------------------------
 Total                                                35092357.798   100.0
-----------------------------------------------------------------------------


     R E A L   C Y C L E   A N D   T I M E   A C C O U N T I N G

On 1 MPI rank, each using 3 OpenMP threads

 Computing:          Num   Num      Call    Wall time         Giga-Cycles
                     Ranks Threads  Count      (s)         total sum    %
-----------------------------------------------------------------------------
 Neighbor search        1    3         44       4.051          0.292   1.6
 Force                  1    3       3472     216.164         15.564  86.1
 PME mesh               1    3       3472      25.214          1.815  10.0
 NB X/F buffer ops.     1    3       6900       1.082          0.078   0.4
 Write traj.            1    3          2       1.146          0.082   0.5
 Update                 1    3       3472       0.610          0.044   0.2
 Constraints            1    3       3472       2.010          0.145   0.8
 Rest                                           0.853          0.061   0.3
-----------------------------------------------------------------------------
 Total                                        251.130         18.081 100.0
-----------------------------------------------------------------------------
 Breakdown of PME mesh computation
-----------------------------------------------------------------------------
 PME spread             1    3       3472       7.806          0.562   3.1
 PME gather             1    3       3472       5.888          0.424   2.3
 PME 3D-FFT             1    3       6944      10.341          0.745   4.1
 PME solve Elec         1    3       3472       1.156          0.083   0.5
-----------------------------------------------------------------------------

               Core t (s)   Wall t (s)        (%)
       Time:      753.389      251.130      300.0
                 (ns/day)    (hour/ns)
Performance:        2.389       10.046
Finished mdrun on rank 0 Mon Oct 10 13:18:52 2022

